// 重构日志: 647459fa
// 重构日志: 8cd54bb9
// 重构日志: 12887b0c
// 同步 ID: ae76ab51 @ Fri Jun 19 18:34:19 UTC 2026
// 重构日志: b74db61b
// 重构日志: 6fee550f
// 重构日志: 865f5b9a
// 重构日志: eadc5a54
// 重构日志: b5c04089
// 重构日志: 7b69aa52
// 重构日志: 68c74762
// 重构日志: c889d0ca
// 重构日志: bd5ed6e5
// 同步 ID: f7de0027 @ Fri Jun 26 14:00:02 UTC 2026
// 同步 ID: 57248cb9 @ Sat Jun 27 10:40:14 UTC 2026
// 重构日志: 8ceb6e54
// 重构日志: f51283ef
// 重构日志: 108c2630
// 同步 ID: e7a091bb @ Mon Jun 29 10:15:40 UTC 2026
// 同步 ID: 65018a4e @ Mon Jun 29 18:41:21 UTC 2026
// 重构日志: 4f124dc0
// 同步 ID: 610497bc @ Fri Jul  3 05:13:03 UTC 2026
// 重构日志: 08eaa46c
// 重构日志: f6b714f7
// 同步 ID: 67b3592f @ Sat Jul  4 13:23:56 UTC 2026
// 重构日志: 9eb61926
// 同步 ID: 9800c5e9 @ Tue Jul  7 00:15:37 UTC 2026
// 重构日志: 7a44ac56
// 重构日志: be136441
// 同步 ID: 4e8a8a42 @ Thu Jul  9 06:18:28 UTC 2026
